2026-03-28 23:22:49.697 [background-preinit] INFO  o.h.validator.internal.util.Version - HV000001: Hibernate Validator 8.0.3.Final
2026-03-28 23:22:49.731 [restartedMain] INFO  com.example.demo.DemoApplication - Starting DemoApplication using Java 21.0.10 with PID 16028 (D:\Users\Xian\Desktop\learnjava\demo\target\classes started by Xian in D:\Users\Xian\Desktop\learnjava\demo)
2026-03-28 23:22:49.731 [restartedMain] DEBUG com.example.demo.DemoApplication - Running with Spring Boot v3.5.11, Spring v6.2.16
2026-03-28 23:22:49.731 [restartedMain] INFO  com.example.demo.DemoApplication - The following 1 profile is active: "dev"
2026-03-28 23:22:49.754 [restartedMain] INFO  o.s.b.d.e.DevToolsPropertyDefaultsPostProcessor - Devtools property defaults active! Set 'spring.devtools.add-properties' to 'false' to disable
2026-03-28 23:22:49.754 [restartedMain] INFO  o.s.b.d.e.DevToolsPropertyDefaultsPostProcessor - For additional web related logging consider setting the 'logging.level.web' property to 'DEBUG'
2026-03-28 23:22:50.414 [restartedMain] WARN  o.s.c.s.PostProcessorRegistrationDelegate$BeanPostProcessorChecker - Bean 'validationConfig' of type [com.example.demo.config.ValidationConfig$$SpringCGLIB$$0] is not eligible for getting processed by all BeanPostProcessors (for example: not eligible for auto-proxying). The currently created BeanPostProcessor [methodValidationPostProcessor] is declared through a non-static factory method on that class; consider declaring it as static instead.
2026-03-28 23:22:50.420 [restartedMain] WARN  o.s.c.s.PostProcessorRegistrationDelegate$BeanPostProcessorChecker - Bean 'validator' of type [org.springframework.validation.beanvalidation.LocalValidatorFactoryBean] is not eligible for getting processed by all BeanPostProcessors (for example: not eligible for auto-proxying). Is this bean getting eagerly injected/applied to a currently created BeanPostProcessor [methodValidationPostProcessor]? Check the corresponding BeanPostProcessor declaration and its dependencies/advisors. If this bean does not have to be post-processed, declare it with ROLE_INFRASTRUCTURE.
2026-03-28 23:22:50.740 [restartedMain] INFO  o.s.b.w.e.tomcat.TomcatWebServer - Tomcat initialized with port 8080 (http)
2026-03-28 23:22:50.747 [restartedMain] INFO  o.a.coyote.http11.Http11NioProtocol - Initializing ProtocolHandler ["http-nio-8080"]
2026-03-28 23:22:50.748 [restartedMain] INFO  o.a.catalina.core.StandardService - Starting service [Tomcat]
2026-03-28 23:22:50.748 [restartedMain] INFO  o.a.catalina.core.StandardEngine - Starting Servlet engine: [Apache Tomcat/10.1.52]
2026-03-28 23:22:50.807 [restartedMain] INFO  o.a.c.c.C.[Tomcat].[localhost].[/] - Initializing Spring embedded WebApplicationContext
2026-03-28 23:22:50.807 [restartedMain] INFO  o.s.b.w.s.c.ServletWebServerApplicationContext - Root WebApplicationContext: initialization completed in 1053 ms
2026-03-28 23:22:51.540 [restartedMain] INFO  o.s.b.d.a.OptionalLiveReloadServer - LiveReload server is running on port 35729
2026-03-28 23:22:51.546 [restartedMain] INFO  o.s.b.a.e.web.EndpointLinksResolver - Exposing 1 endpoint beneath base path '/actuator'
2026-03-28 23:22:51.573 [restartedMain] INFO  o.a.coyote.http11.Http11NioProtocol - Starting ProtocolHandler ["http-nio-8080"]
2026-03-28 23:22:51.587 [restartedMain] INFO  o.s.b.w.e.tomcat.TomcatWebServer - Tomcat started on port 8080 (http) with context path '/'
2026-03-28 23:22:51.594 [restartedMain] INFO  com.example.demo.DemoApplication - Started DemoApplication in 2.277 seconds (process running for 2.886)
2026-03-28 23:22:52.003 [RMI TCP Connection(4)-192.168.137.7] INFO  o.a.c.c.C.[Tomcat].[localhost].[/] - Initializing Spring DispatcherServlet 'dispatcherServlet'
2026-03-28 23:22:52.004 [RMI TCP Connection(4)-192.168.137.7] INFO  o.s.web.servlet.DispatcherServlet - Initializing Servlet 'dispatcherServlet'
2026-03-28 23:22:52.005 [RMI TCP Connection(4)-192.168.137.7] INFO  o.s.web.servlet.DispatcherServlet - Completed initialization in 1 ms
2026-03-28 23:22:52.531 [http-nio-8080-exec-1] INFO  c.e.d.aspect.PointcutPracticeAspect - ✅ 练习8：匹配到了 @GetMapping 注解的方法
2026-03-28 23:22:52.674 [http-nio-8080-exec-8] INFO  c.e.d.aspect.PointcutPracticeAspect - ✅ 练习8：匹配到了 @GetMapping 注解的方法
2026-03-28 23:22:52.692 [http-nio-8080-exec-10] INFO  c.e.d.aspect.PointcutPracticeAspect - ✅ 练习8：匹配到了 @GetMapping 注解的方法
2026-03-28 23:22:52.990 [http-nio-8080-exec-10] INFO  o.s.api.AbstractOpenApiResource - Init duration for springdoc-openapi is: 298 ms
2026-03-28 23:38:15.542 [SpringApplicationShutdownHook] INFO  o.s.b.w.e.tomcat.GracefulShutdown - Commencing graceful shutdown. Waiting for active requests to complete
2026-03-28 23:38:15.545 [tomcat-shutdown] INFO  o.s.b.w.e.tomcat.GracefulShutdown - Graceful shutdown complete
2026-03-28 23:40:39.042 [background-preinit] INFO  o.h.validator.internal.util.Version - HV000001: Hibernate Validator 8.0.3.Final
2026-03-28 23:40:39.070 [restartedMain] INFO  com.example.demo.DemoApplication - Starting DemoApplication using Java 21.0.10 with PID 16400 (D:\Users\Xian\Desktop\learnjava\demo\target\classes started by Xian in D:\Users\Xian\Desktop\learnjava\demo)
2026-03-28 23:40:39.070 [restartedMain] DEBUG com.example.demo.DemoApplication - Running with Spring Boot v3.5.11, Spring v6.2.16
2026-03-28 23:40:39.071 [restartedMain] INFO  com.example.demo.DemoApplication - The following 1 profile is active: "dev"
2026-03-28 23:40:39.096 [restartedMain] INFO  o.s.b.d.e.DevToolsPropertyDefaultsPostProcessor - Devtools property defaults active! Set 'spring.devtools.add-properties' to 'false' to disable
2026-03-28 23:40:39.096 [restartedMain] INFO  o.s.b.d.e.DevToolsPropertyDefaultsPostProcessor - For additional web related logging consider setting the 'logging.level.web' property to 'DEBUG'
2026-03-28 23:40:39.730 [restartedMain] WARN  o.s.c.s.PostProcessorRegistrationDelegate$BeanPostProcessorChecker - Bean 'validationConfig' of type [com.example.demo.config.ValidationConfig$$SpringCGLIB$$0] is not eligible for getting processed by all BeanPostProcessors (for example: not eligible for auto-proxying). The currently created BeanPostProcessor [methodValidationPostProcessor] is declared through a non-static factory method on that class; consider declaring it as static instead.
2026-03-28 23:40:39.736 [restartedMain] WARN  o.s.c.s.PostProcessorRegistrationDelegate$BeanPostProcessorChecker - Bean 'validator' of type [org.springframework.validation.beanvalidation.LocalValidatorFactoryBean] is not eligible for getting processed by all BeanPostProcessors (for example: not eligible for auto-proxying). Is this bean getting eagerly injected/applied to a currently created BeanPostProcessor [methodValidationPostProcessor]? Check the corresponding BeanPostProcessor declaration and its dependencies/advisors. If this bean does not have to be post-processed, declare it with ROLE_INFRASTRUCTURE.
2026-03-28 23:40:40.057 [restartedMain] INFO  o.s.b.w.e.tomcat.TomcatWebServer - Tomcat initialized with port 8080 (http)
2026-03-28 23:40:40.065 [restartedMain] INFO  o.a.coyote.http11.Http11NioProtocol - Initializing ProtocolHandler ["http-nio-8080"]
2026-03-28 23:40:40.066 [restartedMain] INFO  o.a.catalina.core.StandardService - Starting service [Tomcat]
2026-03-28 23:40:40.066 [restartedMain] INFO  o.a.catalina.core.StandardEngine - Starting Servlet engine: [Apache Tomcat/10.1.52]
2026-03-28 23:40:40.118 [restartedMain] INFO  o.a.c.c.C.[Tomcat].[localhost].[/] - Initializing Spring embedded WebApplicationContext
2026-03-28 23:40:40.118 [restartedMain] INFO  o.s.b.w.s.c.ServletWebServerApplicationContext - Root WebApplicationContext: initialization completed in 1021 ms
2026-03-28 23:40:40.826 [restartedMain] INFO  o.s.b.d.a.OptionalLiveReloadServer - LiveReload server is running on port 35729
2026-03-28 23:40:40.832 [restartedMain] INFO  o.s.b.a.e.web.EndpointLinksResolver - Exposing 1 endpoint beneath base path '/actuator'
2026-03-28 23:40:40.857 [restartedMain] INFO  o.a.coyote.http11.Http11NioProtocol - Starting ProtocolHandler ["http-nio-8080"]
2026-03-28 23:40:40.870 [restartedMain] INFO  o.s.b.w.e.tomcat.TomcatWebServer - Tomcat started on port 8080 (http) with context path '/'
2026-03-28 23:40:40.877 [restartedMain] INFO  com.example.demo.DemoApplication - Started DemoApplication in 2.166 seconds (process running for 2.665)
2026-03-28 23:40:41.348 [RMI TCP Connection(3)-192.168.137.7] INFO  o.a.c.c.C.[Tomcat].[localhost].[/] - Initializing Spring DispatcherServlet 'dispatcherServlet'
2026-03-28 23:40:41.349 [RMI TCP Connection(3)-192.168.137.7] INFO  o.s.web.servlet.DispatcherServlet - Initializing Servlet 'dispatcherServlet'
2026-03-28 23:40:41.350 [RMI TCP Connection(3)-192.168.137.7] INFO  o.s.web.servlet.DispatcherServlet - Completed initialization in 1 ms
2026-03-28 23:41:04.327 [SpringApplicationShutdownHook] INFO  o.s.b.w.e.tomcat.GracefulShutdown - Commencing graceful shutdown. Waiting for active requests to complete
2026-03-28 23:41:04.330 [tomcat-shutdown] INFO  o.s.b.w.e.tomcat.GracefulShutdown - Graceful shutdown complete
2026-03-29 07:06:06.287 [background-preinit] INFO  o.h.validator.internal.util.Version - HV000001: Hibernate Validator 8.0.3.Final
2026-03-29 07:06:06.309 [main] INFO  c.example.demo.DemoApplicationTests - Starting DemoApplicationTests using Java 17 with PID 4276 (started by runner in /home/runner/work/java/java/demo)
2026-03-29 07:06:06.310 [main] DEBUG c.example.demo.DemoApplicationTests - Running with Spring Boot v3.5.11, Spring v6.2.16
2026-03-29 07:06:06.311 [main] INFO  c.example.demo.DemoApplicationTests - The following 1 profile is active: "dev"
2026-03-29 07:06:07.415 [main] WARN  o.s.c.s.PostProcessorRegistrationDelegate$BeanPostProcessorChecker - Bean 'validationConfig' of type [com.example.demo.config.ValidationConfig$$SpringCGLIB$$0] is not eligible for getting processed by all BeanPostProcessors (for example: not eligible for auto-proxying). The currently created BeanPostProcessor [methodValidationPostProcessor] is declared through a non-static factory method on that class; consider declaring it as static instead.
2026-03-29 07:06:07.426 [main] WARN  o.s.c.s.PostProcessorRegistrationDelegate$BeanPostProcessorChecker - Bean 'validator' of type [org.springframework.validation.beanvalidation.LocalValidatorFactoryBean] is not eligible for getting processed by all BeanPostProcessors (for example: not eligible for auto-proxying). Is this bean getting eagerly injected/applied to a currently created BeanPostProcessor [methodValidationPostProcessor]? Check the corresponding BeanPostProcessor declaration and its dependencies/advisors. If this bean does not have to be post-processed, declare it with ROLE_INFRASTRUCTURE.
2026-03-29 07:06:09.330 [main] INFO  o.s.b.a.e.web.EndpointLinksResolver - Exposing 1 endpoint beneath base path '/actuator'
2026-03-29 07:06:09.414 [main] INFO  c.example.demo.DemoApplicationTests - Started DemoApplicationTests in 3.754 seconds (process running for 4.755)
2026-03-29 07:07:54.980 [background-preinit] INFO  o.h.validator.internal.util.Version - HV000001: Hibernate Validator 8.0.3.Final
2026-03-29 07:07:55.003 [main] INFO  c.example.demo.DemoApplicationTests - Starting DemoApplicationTests using Java 17 with PID 4492 (started by runner in /home/runner/work/java/java/demo)
2026-03-29 07:07:55.004 [main] DEBUG c.example.demo.DemoApplicationTests - Running with Spring Boot v3.5.11, Spring v6.2.16
2026-03-29 07:07:55.004 [main] INFO  c.example.demo.DemoApplicationTests - The following 1 profile is active: "dev"
2026-03-29 07:07:56.072 [main] WARN  o.s.c.s.PostProcessorRegistrationDelegate$BeanPostProcessorChecker - Bean 'validationConfig' of type [com.example.demo.config.ValidationConfig$$SpringCGLIB$$0] is not eligible for getting processed by all BeanPostProcessors (for example: not eligible for auto-proxying). The currently created BeanPostProcessor [methodValidationPostProcessor] is declared through a non-static factory method on that class; consider declaring it as static instead.
2026-03-29 07:07:56.081 [main] WARN  o.s.c.s.PostProcessorRegistrationDelegate$BeanPostProcessorChecker - Bean 'validator' of type [org.springframework.validation.beanvalidation.LocalValidatorFactoryBean] is not eligible for getting processed by all BeanPostProcessors (for example: not eligible for auto-proxying). Is this bean getting eagerly injected/applied to a currently created BeanPostProcessor [methodValidationPostProcessor]? Check the corresponding BeanPostProcessor declaration and its dependencies/advisors. If this bean does not have to be post-processed, declare it with ROLE_INFRASTRUCTURE.
2026-03-29 07:07:57.925 [main] INFO  o.s.b.a.e.web.EndpointLinksResolver - Exposing 1 endpoint beneath base path '/actuator'
2026-03-29 07:07:57.996 [main] INFO  c.example.demo.DemoApplicationTests - Started DemoApplicationTests in 3.429 seconds (process running for 4.223)
2026-03-29 15:30:22.454 [background-preinit] INFO  o.h.validator.internal.util.Version - HV000001: Hibernate Validator 8.0.3.Final
2026-03-29 15:30:22.484 [restartedMain] INFO  com.example.demo.DemoApplication - Starting DemoApplication using Java 21.0.10 with PID 2224 (D:\Users\Xian\Desktop\java\demo\target\classes started by Xian in D:\Users\Xian\Desktop\java\demo)
2026-03-29 15:30:22.484 [restartedMain] DEBUG com.example.demo.DemoApplication - Running with Spring Boot v3.5.11, Spring v6.2.16
2026-03-29 15:30:22.484 [restartedMain] INFO  com.example.demo.DemoApplication - The following 1 profile is active: "dev"
2026-03-29 15:30:22.509 [restartedMain] INFO  o.s.b.d.e.DevToolsPropertyDefaultsPostProcessor - Devtools property defaults active! Set 'spring.devtools.add-properties' to 'false' to disable
2026-03-29 15:30:22.509 [restartedMain] INFO  o.s.b.d.e.DevToolsPropertyDefaultsPostProcessor - For additional web related logging consider setting the 'logging.level.web' property to 'DEBUG'
2026-03-29 15:30:23.203 [restartedMain] WARN  o.s.c.s.PostProcessorRegistrationDelegate$BeanPostProcessorChecker - Bean 'validationConfig' of type [com.example.demo.config.ValidationConfig$$SpringCGLIB$$0] is not eligible for getting processed by all BeanPostProcessors (for example: not eligible for auto-proxying). The currently created BeanPostProcessor [methodValidationPostProcessor] is declared through a non-static factory method on that class; consider declaring it as static instead.
2026-03-29 15:30:23.211 [restartedMain] WARN  o.s.c.s.PostProcessorRegistrationDelegate$BeanPostProcessorChecker - Bean 'validator' of type [org.springframework.validation.beanvalidation.LocalValidatorFactoryBean] is not eligible for getting processed by all BeanPostProcessors (for example: not eligible for auto-proxying). Is this bean getting eagerly injected/applied to a currently created BeanPostProcessor [methodValidationPostProcessor]? Check the corresponding BeanPostProcessor declaration and its dependencies/advisors. If this bean does not have to be post-processed, declare it with ROLE_INFRASTRUCTURE.
2026-03-29 15:30:23.548 [restartedMain] INFO  o.s.b.w.e.tomcat.TomcatWebServer - Tomcat initialized with port 8080 (http)
2026-03-29 15:30:23.557 [restartedMain] INFO  o.a.coyote.http11.Http11NioProtocol - Initializing ProtocolHandler ["http-nio-8080"]
2026-03-29 15:30:23.558 [restartedMain] INFO  o.a.catalina.core.StandardService - Starting service [Tomcat]
2026-03-29 15:30:23.558 [restartedMain] INFO  o.a.catalina.core.StandardEngine - Starting Servlet engine: [Apache Tomcat/10.1.52]
2026-03-29 15:30:23.590 [restartedMain] INFO  o.a.c.c.C.[Tomcat].[localhost].[/] - Initializing Spring embedded WebApplicationContext
2026-03-29 15:30:23.590 [restartedMain] INFO  o.s.b.w.s.c.ServletWebServerApplicationContext - Root WebApplicationContext: initialization completed in 1081 ms
2026-03-29 15:30:24.515 [restartedMain] WARN  o.s.b.d.a.OptionalLiveReloadServer - Unable to start LiveReload server
2026-03-29 15:30:24.519 [restartedMain] INFO  o.s.b.a.e.web.EndpointLinksResolver - Exposing 1 endpoint beneath base path '/actuator'
2026-03-29 15:30:24.546 [restartedMain] INFO  o.a.coyote.http11.Http11NioProtocol - Starting ProtocolHandler ["http-nio-8080"]
2026-03-29 15:30:24.548 [restartedMain] WARN  o.s.b.w.s.c.AnnotationConfigServletWebServerApplicationContext - Exception encountered during context initialization - cancelling refresh attempt: org.springframework.context.ApplicationContextException: Failed to start bean 'webServerStartStop'
2026-03-29 15:30:24.560 [restartedMain] INFO  o.s.b.a.l.ConditionEvaluationReportLogger - 

Error starting ApplicationContext. To display the condition evaluation report re-run your application with 'debug' enabled.
2026-03-29 15:30:24.573 [restartedMain] ERROR o.s.b.d.LoggingFailureAnalysisReporter - 

***************************
APPLICATION FAILED TO START
***************************

Description:

Web server failed to start. Port 8080 was already in use.

Action:

Identify and stop the process that's listening on port 8080 or configure this application to listen on another port.

2026-03-29 15:30:32.329 [background-preinit] INFO  o.h.validator.internal.util.Version - HV000001: Hibernate Validator 8.0.3.Final
2026-03-29 15:30:32.354 [restartedMain] INFO  com.example.demo.DemoApplication - Starting DemoApplication using Java 21.0.10 with PID 19640 (D:\Users\Xian\Desktop\java\demo\target\classes started by Xian in D:\Users\Xian\Desktop\java\demo)
2026-03-29 15:30:32.354 [restartedMain] DEBUG com.example.demo.DemoApplication - Running with Spring Boot v3.5.11, Spring v6.2.16
2026-03-29 15:30:32.355 [restartedMain] INFO  com.example.demo.DemoApplication - The following 1 profile is active: "dev"
2026-03-29 15:30:32.377 [restartedMain] INFO  o.s.b.d.e.DevToolsPropertyDefaultsPostProcessor - Devtools property defaults active! Set 'spring.devtools.add-properties' to 'false' to disable
2026-03-29 15:30:32.377 [restartedMain] INFO  o.s.b.d.e.DevToolsPropertyDefaultsPostProcessor - For additional web related logging consider setting the 'logging.level.web' property to 'DEBUG'
2026-03-29 15:30:32.954 [restartedMain] WARN  o.s.c.s.PostProcessorRegistrationDelegate$BeanPostProcessorChecker - Bean 'validationConfig' of type [com.example.demo.config.ValidationConfig$$SpringCGLIB$$0] is not eligible for getting processed by all BeanPostProcessors (for example: not eligible for auto-proxying). The currently created BeanPostProcessor [methodValidationPostProcessor] is declared through a non-static factory method on that class; consider declaring it as static instead.
2026-03-29 15:30:32.960 [restartedMain] WARN  o.s.c.s.PostProcessorRegistrationDelegate$BeanPostProcessorChecker - Bean 'validator' of type [org.springframework.validation.beanvalidation.LocalValidatorFactoryBean] is not eligible for getting processed by all BeanPostProcessors (for example: not eligible for auto-proxying). Is this bean getting eagerly injected/applied to a currently created BeanPostProcessor [methodValidationPostProcessor]? Check the corresponding BeanPostProcessor declaration and its dependencies/advisors. If this bean does not have to be post-processed, declare it with ROLE_INFRASTRUCTURE.
2026-03-29 15:30:33.254 [restartedMain] INFO  o.s.b.w.e.tomcat.TomcatWebServer - Tomcat initialized with port 8080 (http)
2026-03-29 15:30:33.262 [restartedMain] INFO  o.a.coyote.http11.Http11NioProtocol - Initializing ProtocolHandler ["http-nio-8080"]
2026-03-29 15:30:33.263 [restartedMain] INFO  o.a.catalina.core.StandardService - Starting service [Tomcat]
2026-03-29 15:30:33.263 [restartedMain] INFO  o.a.catalina.core.StandardEngine - Starting Servlet engine: [Apache Tomcat/10.1.52]
2026-03-29 15:30:33.291 [restartedMain] INFO  o.a.c.c.C.[Tomcat].[localhost].[/] - Initializing Spring embedded WebApplicationContext
2026-03-29 15:30:33.292 [restartedMain] INFO  o.s.b.w.s.c.ServletWebServerApplicationContext - Root WebApplicationContext: initialization completed in 915 ms
2026-03-29 15:30:34.122 [restartedMain] WARN  o.s.b.d.a.OptionalLiveReloadServer - Unable to start LiveReload server
2026-03-29 15:30:34.127 [restartedMain] INFO  o.s.b.a.e.web.EndpointLinksResolver - Exposing 1 endpoint beneath base path '/actuator'
2026-03-29 15:30:34.151 [restartedMain] INFO  o.a.coyote.http11.Http11NioProtocol - Starting ProtocolHandler ["http-nio-8080"]
2026-03-29 15:30:34.154 [restartedMain] WARN  o.s.b.w.s.c.AnnotationConfigServletWebServerApplicationContext - Exception encountered during context initialization - cancelling refresh attempt: org.springframework.context.ApplicationContextException: Failed to start bean 'webServerStartStop'
2026-03-29 15:30:34.165 [restartedMain] INFO  o.s.b.a.l.ConditionEvaluationReportLogger - 

Error starting ApplicationContext. To display the condition evaluation report re-run your application with 'debug' enabled.
2026-03-29 15:30:34.175 [restartedMain] ERROR o.s.b.d.LoggingFailureAnalysisReporter - 

***************************
APPLICATION FAILED TO START
***************************

Description:

Web server failed to start. Port 8080 was already in use.

Action:

Identify and stop the process that's listening on port 8080 or configure this application to listen on another port.

2026-03-29 15:30:45.907 [background-preinit] INFO  o.h.validator.internal.util.Version - HV000001: Hibernate Validator 8.0.3.Final
2026-03-29 15:30:45.933 [restartedMain] INFO  com.example.demo.DemoApplication - Starting DemoApplication using Java 21.0.10 with PID 16008 (D:\Users\Xian\Desktop\java\demo\target\classes started by Xian in D:\Users\Xian\Desktop\java\demo)
2026-03-29 15:30:45.933 [restartedMain] DEBUG com.example.demo.DemoApplication - Running with Spring Boot v3.5.11, Spring v6.2.16
2026-03-29 15:30:45.933 [restartedMain] INFO  com.example.demo.DemoApplication - The following 1 profile is active: "dev"
2026-03-29 15:30:45.956 [restartedMain] INFO  o.s.b.d.e.DevToolsPropertyDefaultsPostProcessor - Devtools property defaults active! Set 'spring.devtools.add-properties' to 'false' to disable
2026-03-29 15:30:45.956 [restartedMain] INFO  o.s.b.d.e.DevToolsPropertyDefaultsPostProcessor - For additional web related logging consider setting the 'logging.level.web' property to 'DEBUG'
2026-03-29 15:30:46.545 [restartedMain] WARN  o.s.c.s.PostProcessorRegistrationDelegate$BeanPostProcessorChecker - Bean 'validationConfig' of type [com.example.demo.config.ValidationConfig$$SpringCGLIB$$0] is not eligible for getting processed by all BeanPostProcessors (for example: not eligible for auto-proxying). The currently created BeanPostProcessor [methodValidationPostProcessor] is declared through a non-static factory method on that class; consider declaring it as static instead.
2026-03-29 15:30:46.550 [restartedMain] WARN  o.s.c.s.PostProcessorRegistrationDelegate$BeanPostProcessorChecker - Bean 'validator' of type [org.springframework.validation.beanvalidation.LocalValidatorFactoryBean] is not eligible for getting processed by all BeanPostProcessors (for example: not eligible for auto-proxying). Is this bean getting eagerly injected/applied to a currently created BeanPostProcessor [methodValidationPostProcessor]? Check the corresponding BeanPostProcessor declaration and its dependencies/advisors. If this bean does not have to be post-processed, declare it with ROLE_INFRASTRUCTURE.
2026-03-29 15:30:46.844 [restartedMain] INFO  o.s.b.w.e.tomcat.TomcatWebServer - Tomcat initialized with port 8080 (http)
2026-03-29 15:30:46.851 [restartedMain] INFO  o.a.coyote.http11.Http11NioProtocol - Initializing ProtocolHandler ["http-nio-8080"]
2026-03-29 15:30:46.851 [restartedMain] INFO  o.a.catalina.core.StandardService - Starting service [Tomcat]
2026-03-29 15:30:46.851 [restartedMain] INFO  o.a.catalina.core.StandardEngine - Starting Servlet engine: [Apache Tomcat/10.1.52]
2026-03-29 15:30:46.881 [restartedMain] INFO  o.a.c.c.C.[Tomcat].[localhost].[/] - Initializing Spring embedded WebApplicationContext
2026-03-29 15:30:46.881 [restartedMain] INFO  o.s.b.w.s.c.ServletWebServerApplicationContext - Root WebApplicationContext: initialization completed in 925 ms
2026-03-29 15:30:47.694 [restartedMain] INFO  o.s.b.d.a.OptionalLiveReloadServer - LiveReload server is running on port 35729
2026-03-29 15:30:47.698 [restartedMain] INFO  o.s.b.a.e.web.EndpointLinksResolver - Exposing 1 endpoint beneath base path '/actuator'
2026-03-29 15:30:47.725 [restartedMain] INFO  o.a.coyote.http11.Http11NioProtocol - Starting ProtocolHandler ["http-nio-8080"]
2026-03-29 15:30:47.734 [restartedMain] INFO  o.s.b.w.e.tomcat.TomcatWebServer - Tomcat started on port 8080 (http) with context path '/'
2026-03-29 15:30:47.741 [restartedMain] INFO  com.example.demo.DemoApplication - Started DemoApplication in 2.126 seconds (process running for 2.455)
2026-03-29 15:30:47.901 [RMI TCP Connection(1)-192.168.137.136] INFO  o.a.c.c.C.[Tomcat].[localhost].[/] - Initializing Spring DispatcherServlet 'dispatcherServlet'
2026-03-29 15:30:47.901 [RMI TCP Connection(1)-192.168.137.136] INFO  o.s.web.servlet.DispatcherServlet - Initializing Servlet 'dispatcherServlet'
2026-03-29 15:30:47.902 [RMI TCP Connection(1)-192.168.137.136] INFO  o.s.web.servlet.DispatcherServlet - Completed initialization in 1 ms
2026-03-29 15:31:32.181 [SpringApplicationShutdownHook] INFO  o.s.b.w.e.tomcat.GracefulShutdown - Commencing graceful shutdown. Waiting for active requests to complete
2026-03-29 15:31:32.184 [tomcat-shutdown] INFO  o.s.b.w.e.tomcat.GracefulShutdown - Graceful shutdown complete
2026-03-29 07:59:34.438 [background-preinit] INFO  o.h.validator.internal.util.Version - HV000001: Hibernate Validator 8.0.3.Final
2026-03-29 07:59:34.470 [main] INFO  c.example.demo.DemoApplicationTests - Starting DemoApplicationTests using Java 17 with PID 4663 (started by runner in /home/runner/work/java/java/demo)
2026-03-29 07:59:34.470 [main] DEBUG c.example.demo.DemoApplicationTests - Running with Spring Boot v3.5.11, Spring v6.2.16
2026-03-29 07:59:34.471 [main] INFO  c.example.demo.DemoApplicationTests - The following 1 profile is active: "dev"
2026-03-29 07:59:35.548 [main] WARN  o.s.c.s.PostProcessorRegistrationDelegate$BeanPostProcessorChecker - Bean 'validationConfig' of type [com.example.demo.config.ValidationConfig$$SpringCGLIB$$0] is not eligible for getting processed by all BeanPostProcessors (for example: not eligible for auto-proxying). The currently created BeanPostProcessor [methodValidationPostProcessor] is declared through a non-static factory method on that class; consider declaring it as static instead.
2026-03-29 07:59:35.556 [main] WARN  o.s.c.s.PostProcessorRegistrationDelegate$BeanPostProcessorChecker - Bean 'validator' of type [org.springframework.validation.beanvalidation.LocalValidatorFactoryBean] is not eligible for getting processed by all BeanPostProcessors (for example: not eligible for auto-proxying). Is this bean getting eagerly injected/applied to a currently created BeanPostProcessor [methodValidationPostProcessor]? Check the corresponding BeanPostProcessor declaration and its dependencies/advisors. If this bean does not have to be post-processed, declare it with ROLE_INFRASTRUCTURE.
2026-03-29 07:59:37.277 [main] INFO  o.s.b.a.e.web.EndpointLinksResolver - Exposing 1 endpoint beneath base path '/actuator'
2026-03-29 07:59:37.358 [main] INFO  c.example.demo.DemoApplicationTests - Started DemoApplicationTests in 3.499 seconds (process running for 4.351)
2026-03-29 08:02:11.581 [background-preinit] INFO  o.h.validator.internal.util.Version - HV000001: Hibernate Validator 8.0.3.Final
2026-03-29 08:02:11.612 [main] INFO  c.example.demo.DemoApplicationTests - Starting DemoApplicationTests using Java 17 with PID 5476 (started by runner in /home/runner/work/java/java/demo)
2026-03-29 08:02:11.613 [main] DEBUG c.example.demo.DemoApplicationTests - Running with Spring Boot v3.5.11, Spring v6.2.16
2026-03-29 08:02:11.614 [main] INFO  c.example.demo.DemoApplicationTests - The following 1 profile is active: "dev"
2026-03-29 08:02:12.678 [main] WARN  o.s.c.s.PostProcessorRegistrationDelegate$BeanPostProcessorChecker - Bean 'validationConfig' of type [com.example.demo.config.ValidationConfig$$SpringCGLIB$$0] is not eligible for getting processed by all BeanPostProcessors (for example: not eligible for auto-proxying). The currently created BeanPostProcessor [methodValidationPostProcessor] is declared through a non-static factory method on that class; consider declaring it as static instead.
2026-03-29 08:02:12.688 [main] WARN  o.s.c.s.PostProcessorRegistrationDelegate$BeanPostProcessorChecker - Bean 'validator' of type [org.springframework.validation.beanvalidation.LocalValidatorFactoryBean] is not eligible for getting processed by all BeanPostProcessors (for example: not eligible for auto-proxying). Is this bean getting eagerly injected/applied to a currently created BeanPostProcessor [methodValidationPostProcessor]? Check the corresponding BeanPostProcessor declaration and its dependencies/advisors. If this bean does not have to be post-processed, declare it with ROLE_INFRASTRUCTURE.
2026-03-29 08:02:14.492 [main] INFO  o.s.b.a.e.web.EndpointLinksResolver - Exposing 1 endpoint beneath base path '/actuator'
2026-03-29 08:02:14.567 [main] INFO  c.example.demo.DemoApplicationTests - Started DemoApplicationTests in 3.402 seconds (process running for 4.219)
2026-03-29 08:02:25.308 [background-preinit] INFO  o.h.validator.internal.util.Version - HV000001: Hibernate Validator 8.0.3.Final
2026-03-29 08:02:25.338 [main] INFO  c.example.demo.DemoApplicationTests - Starting DemoApplicationTests using Java 17 with PID 5608 (started by runner in /home/runner/work/java/java/demo)
2026-03-29 08:02:25.339 [main] DEBUG c.example.demo.DemoApplicationTests - Running with Spring Boot v3.5.11, Spring v6.2.16
2026-03-29 08:02:25.340 [main] INFO  c.example.demo.DemoApplicationTests - The following 1 profile is active: "dev"
2026-03-29 08:02:26.388 [main] WARN  o.s.c.s.PostProcessorRegistrationDelegate$BeanPostProcessorChecker - Bean 'validationConfig' of type [com.example.demo.config.ValidationConfig$$SpringCGLIB$$0] is not eligible for getting processed by all BeanPostProcessors (for example: not eligible for auto-proxying). The currently created BeanPostProcessor [methodValidationPostProcessor] is declared through a non-static factory method on that class; consider declaring it as static instead.
2026-03-29 08:02:26.396 [main] WARN  o.s.c.s.PostProcessorRegistrationDelegate$BeanPostProcessorChecker - Bean 'validator' of type [org.springframework.validation.beanvalidation.LocalValidatorFactoryBean] is not eligible for getting processed by all BeanPostProcessors (for example: not eligible for auto-proxying). Is this bean getting eagerly injected/applied to a currently created BeanPostProcessor [methodValidationPostProcessor]? Check the corresponding BeanPostProcessor declaration and its dependencies/advisors. If this bean does not have to be post-processed, declare it with ROLE_INFRASTRUCTURE.
2026-03-29 08:02:28.091 [main] INFO  o.s.b.a.e.web.EndpointLinksResolver - Exposing 1 endpoint beneath base path '/actuator'
2026-03-29 08:02:28.155 [main] INFO  c.example.demo.DemoApplicationTests - Started DemoApplicationTests in 3.258 seconds (process running for 4.057)
